<?xml version="1.0" encoding="UTF-8"?>
  <testsuites tests="0" disabled="0" errors="0" failures="0" time="0">
      <testsuite name="" package="/home/osmakal/Repos/network-observability-operator/integration-tests/backend" tests="0" disabled="0" skipped="0" errors="0" failures="0" time="0" timestamp="0001-01-01T00:00:00">
          <properties>
              <property name="SuiteSucceeded" value="false"></property>
              <property name="SuiteHasProgrammaticFocus" value="false"></property>
              <property name="SpecialSuiteFailureReason" value="Failed to compile backend:&#xA;&#xA;# github.com/network-observability-operator/integration-tests/backend&#xA;package github.com/network-observability-operator/integration-tests/backend&#xA;&#x9;netobserv_reporter_integration.go:9:2: use of internal package github.com/onsi/ginkgo/v2/internal not allowed&#xA;FAIL&#x9;github.com/network-observability-operator/integration-tests/backend [setup failed]&#xA;FAIL&#xA;"></property>
              <property name="SuiteLabels" value="[]"></property>
              <property name="RandomSeed" value="1776100868"></property>
              <property name="RandomizeAllSpecs" value="false"></property>
              <property name="LabelFilter" value=""></property>
              <property name="FocusStrings" value="Kafka"></property>
              <property name="SkipStrings" value=""></property>
              <property name="FocusFiles" value=""></property>
              <property name="SkipFiles" value=""></property>
              <property name="FailOnPending" value="false"></property>
              <property name="FailOnEmpty" value="false"></property>
              <property name="FailFast" value="false"></property>
              <property name="FlakeAttempts" value="0"></property>
              <property name="DryRun" value="true"></property>
              <property name="ParallelTotal" value="1"></property>
              <property name="OutputInterceptorMode" value=""></property>
          </properties>
      </testsuite>
  </testsuites>